<html>
<body>
<pre>
<h1>Vision Build Log</h1>
<h2>Project:</h2>
C:\Users\刘悦\Desktop\数码管\prj\数码管.uvproj
Project File Date:  02/16/2019

<h2>Output:</h2>
Rebuild target 'Target 1'
compiling main.c...
linking...
Program Size: data=57.0 xdata=0 code=1033
creating hex file from "..\out\数码管"...
"..\out\数码管" - 0 Error(s), 0 Warning(s).
</pre>
</body>
</html>
Buff': undefined identifier
..\sor\main.c(172): error C202: 'LedBuff': undefined identifier
..\sor\main.c(177): error C141: syntax error near ''
Target not created
7): error C141: syntax error near '=', expected ')'
..\sor\main.c(147): error C129: missing ';' before '>='
Target not created
146): error C129: missing ';' before '>='
Target not created
or'
..\sor\main.c(146): error C141: syntax error near '=', expected ')'
..\sor\main.c(146): error C129: missing ';' before '>='
Target not created
(195): error C100: unprintable character 0xB4 skipped
..\sor\main.c(195): error C100: unprintable character 0xA3 skipped
..\sor\main.c(195): error C100: unprintable character 0xBA skipped
..\sor\main.c(195): error C129: missing ';' before 'CSDN'
Target not created
